<?xml version="1.0" encoding="UTF-8"?>
<testsuite tests="12" failures="0" name="live_beats_tests">
  <testcase classname="live" name="beats=1 tokens=1500" time="0">
  </testcase>
  <testcase classname="live" name="beats=2 tokens=1500" time="0">
  </testcase>
  <testcase classname="live" name="beats=4 tokens=1500" time="0">
  </testcase>
  <testcase classname="live" name="beats=5 tokens=1500" time="0">
  </testcase>
  <testcase classname="live" name="beats=1 tokens=1500" time="0">
  </testcase>
  <testcase classname="live" name="beats=2 tokens=1500" time="0">
  </testcase>
  <testcase classname="live" name="beats=4 tokens=1500" time="0">
  </testcase>
  <testcase classname="live" name="beats=5 tokens=1500" time="0">
  </testcase>
  <testcase classname="live" name="beats=1 tokens=1500" time="0">
  </testcase>
  <testcase classname="live" name="beats=2 tokens=1500" time="0">
  </testcase>
  <testcase classname="live" name="beats=4 tokens=1500" time="0">
  </testcase>
  <testcase classname="live" name="beats=5 tokens=1500" time="0">
  </testcase>
</testsuite>
